<?xml version="1.0" encoding="UTF-8"?>
<!-- Generated by org.testng.reporters.JUnitReportReporter -->
<testsuite hostname="Dell-PC" failures="0" tests="1" name="com.crm.organizations.CreateOrganization" time="44.573" errors="0" timestamp="2022-04-10T23:05:32 IST" skipped="0">
  <testcase classname="com.crm.organizations.CreateOrganization" name="createOrganizationTest" time="44.573"/>
  <system-out>
    <![CDATA[TC Pass]]>
  </system-out>
</testsuite> <!-- com.crm.organizations.CreateOrganization -->
